\BOOKMARK [1][-]{section.1}{Introducci\363n}{}% 1
\BOOKMARK [1][-]{section.2}{Antecedentes}{}% 2
\BOOKMARK [2][-]{subsection.2.1}{Estado de desarrollo de blockchain}{section.2}% 3
\BOOKMARK [2][-]{subsection.2.2}{Algoritmos de valuaci\363n de nodos basados en grafos}{section.2}% 4
\BOOKMARK [2][-]{subsection.2.3}{Resistencia a la manipulaci\363n}{section.2}% 5
\BOOKMARK [1][-]{section.3}{Modelo econ\363mico}{}% 6
\BOOKMARK [2][-]{subsection.3.1}{Representaci\363n de las criptodivisas}{section.3}% 7
\BOOKMARK [2][-]{subsection.3.2}{Modelo de criptodivisa}{section.3}% 8
\BOOKMARK [1][-]{section.4}{Core Nebulas Rank}{}% 9
\BOOKMARK [2][-]{subsection.4.1}{Participaci\363n Media de Cuenta \(a\)}{section.4}% 10
\BOOKMARK [2][-]{subsection.4.2}{Valuaci\363n de Ingresos y Egresos \(a\)}{section.4}% 11
\BOOKMARK [2][-]{subsection.4.3}{Funci\363n Wilbur }{section.4}% 12
\BOOKMARK [1][-]{section.5}{Resistencia a la manipulaci\363n de Core Nebulas Rank}{}% 13
\BOOKMARK [2][-]{subsection.5.1}{Incremento del puntaje de valuaci\363n para una cuenta \372nica }{section.5}% 14
\BOOKMARK [2][-]{subsection.5.2}{Incremento del puntaje de valuaci\363n para cuentas m\372ltiples \(ataque Sybil\)}{section.5}% 15
\BOOKMARK [2][-]{subsection.5.3}{Manipulaci\363n en coalici\363n }{section.5}% 16
\BOOKMARK [1][-]{section.6}{Implementaci\363n de Core Nebulas Rank}{}% 17
\BOOKMARK [2][-]{subsection.6.1}{\277Dentro o fuera del blockchain? }{section.6}% 18
\BOOKMARK [2][-]{subsection.6.2}{Actualizaci\363n de Core Nebulas Rank}{section.6}% 19
\BOOKMARK [1][-]{section.7}{Extended Nebulas Rank}{}% 20
\BOOKMARK [2][-]{subsection.7.1}{Extended Nebulas Rank orientado a contratos inteligentes}{section.7}% 21
\BOOKMARK [2][-]{subsection.7.2}{Extended Nebulas Rank multidimensional}{section.7}% 22
\BOOKMARK [1][-]{section.8}{Trabajo futuro}{}% 23
\BOOKMARK [1][-]{Anexo.1.A}{Anexo Pruebas}{}% 24
\BOOKMARK [2][-]{subsection.1.A.1}{Prueba de propiedad 1}{Anexo.1.A}% 25
\BOOKMARK [2][-]{subsection.1.A.2}{Prueba de propiedad 2}{Anexo.1.A}% 26
\BOOKMARK [1][-]{Anexo.1.B}{Anexo Nueva funci\363n Wilbur }{}% 27
\BOOKMARK [1][-]{Anexo.1.C}{Anexo Registro de cambios}{}% 28
